<?xml version="1.0" encoding="UTF-8"?>
<!-- Generated by org.testng.reporters.JUnitXMLReporter -->
<testsuite hostname="Ramya" ignored="0" name="Default test" tests="4" failures="0" timestamp="24 Jun 2018 07:33:56 GMT" time="0.072" errors="0">
  <testcase name="test2" time="0.012" classname="testNG.TestTestNGAttributes"/>
  <testcase name="test3" time="0.002" classname="testNG.TestTestNGAttributes"/>
  <testcase name="test1" time="0.009" classname="testNG.TestTestNGAttributes"/>
  <testcase name="test4" time="0.002" classname="testNG.TestTestNGAttributes"/>
</testsuite> <!-- Default test -->
