<?xml version="1.0" encoding="UTF-8"?>
<testng-results skipped="0" failed="0" ignored="0" total="4" passed="4">
  <reporter-output>
  </reporter-output>
  <suite name="Default suite" duration-ms="72" started-at="2018-06-24T07:33:56Z" finished-at="2018-06-24T07:33:56Z">
    <groups>
    </groups>
    <test name="Default test" duration-ms="72" started-at="2018-06-24T07:33:56Z" finished-at="2018-06-24T07:33:56Z">
      <class name="testNG.TestTestNGAttributes">
        <test-method status="PASS" signature="test2()[pri:0, instance:testNG.TestTestNGAttributes@51e2adc7]" name="test2" duration-ms="12" started-at="2018-06-24T07:33:56Z" finished-at="2018-06-24T07:33:56Z">
          <reporter-output>
          </reporter-output>
        </test-method> <!-- test2 -->
        <test-method status="PASS" signature="test3()[pri:0, instance:testNG.TestTestNGAttributes@51e2adc7]" name="test3" duration-ms="2" started-at="2018-06-24T07:33:56Z" finished-at="2018-06-24T07:33:56Z">
          <reporter-output>
          </reporter-output>
        </test-method> <!-- test3 -->
        <test-method status="PASS" signature="test1()[pri:1, instance:testNG.TestTestNGAttributes@51e2adc7]" name="test1" duration-ms="9" started-at="2018-06-24T07:33:56Z" finished-at="2018-06-24T07:33:56Z">
          <reporter-output>
          </reporter-output>
        </test-method> <!-- test1 -->
        <test-method status="PASS" signature="test4()[pri:4, instance:testNG.TestTestNGAttributes@51e2adc7]" name="test4" duration-ms="2" started-at="2018-06-24T07:33:56Z" finished-at="2018-06-24T07:33:56Z">
          <reporter-output>
          </reporter-output>
        </test-method> <!-- test4 -->
      </class> <!-- testNG.TestTestNGAttributes -->
    </test> <!-- Default test -->
  </suite> <!-- Default suite -->
</testng-results>
