<?xml version="1.0" encoding="UTF-8"?>
<!-- Generated by org.testng.reporters.JUnitXMLReporter -->
<testsuite hostname="Ramya" ignored="0" name="Test Annotations sequential" tests="12" failures="0" timestamp="25 May 2018 04:33:24 GMT" time="0.193" errors="0">
  <testcase name="f1" time="0.047" classname="testNG.TestNGAnnotations"/>
  <testcase name="f2" time="0.003" classname="testNG.TestNGAnnotations"/>
  <testcase name="f1" time="0.004" classname="testNG.TestGroupingNew"/>
  <testcase name="f2" time="0.003" classname="testNG.TestGroupingNew"/>
  <testcase name="f3" time="0.001" classname="testNG.TestGroupingNew"/>
  <testcase name="f4" time="0.001" classname="testNG.TestGroupingNew"/>
  <testcase name="f5" time="0.002" classname="testNG.TestGroupingNew"/>
  <testcase name="f6" time="0.001" classname="testNG.TestGroupingNew"/>
  <testcase name="m1" time="0.002" classname="testNG.TestGrouping"/>
  <testcase name="m2" time="0.002" classname="testNG.TestGrouping"/>
  <testcase name="m3" time="0.001" classname="testNG.TestGrouping"/>
  <testcase name="m4" time="0.001" classname="testNG.TestGrouping"/>
</testsuite> <!-- Test Annotations sequential -->
