<?xml version="1.0" encoding="UTF-8"?>
<!-- Generated by org.testng.reporters.JUnitXMLReporter -->
<testsuite hostname="Ramya" ignored="5" name="Test Grouping" tests="5" failures="0" timestamp="26 Apr 2018 05:03:42 GMT" time="0.076" errors="0">
  <testcase name="f2" time="0.012" classname="testNG.TestGroupingNew"/>
  <testcase name="m1" time="0.002" classname="testNG.TestGrouping"/>
  <testcase name="m2" time="0.006" classname="testNG.TestGrouping"/>
  <testcase name="m3" time="0.002" classname="testNG.TestGrouping"/>
  <testcase name="m4" time="0.001" classname="testNG.TestGrouping"/>
  <testcase name="f1" time="0.0" classname="testNG.TestGroupingNew">
    <ignored/>
  </testcase> <!-- f1 -->
  <testcase name="f4" time="0.0" classname="testNG.TestGroupingNew">
    <ignored/>
  </testcase> <!-- f4 -->
  <testcase name="f3" time="0.0" classname="testNG.TestGroupingNew">
    <ignored/>
  </testcase> <!-- f3 -->
  <testcase name="f6" time="0.0" classname="testNG.TestGroupingNew">
    <ignored/>
  </testcase> <!-- f6 -->
  <testcase name="f5" time="0.0" classname="testNG.TestGroupingNew">
    <ignored/>
  </testcase> <!-- f5 -->
</testsuite> <!-- Test Grouping -->
