<?xml version="1.0" encoding="UTF-8"?>
<!-- Generated by org.testng.reporters.JUnitXMLReporter -->
<testsuite hostname="Ramya" ignored="0" name="Test Dependency" tests="4" failures="1" timestamp="06 Mar 2018 14:22:13 GMT" time="70.476" errors="0">
  <testcase name="getTitle" time="0.025" classname="testNG.TestNGAssertions"/>
  <testcase name="testEquality" time="0.003" classname="testNG.TestNGAssertions">
    <failure type="java.lang.AssertionError" message="expected [false] but found [true]">
      <![CDATA[java.lang.AssertionError: expected [false] but found [true]
at testNG.TestNGAssertions.testEquality(TestNGAssertions.java:34)
at java.util.concurrent.ThreadPoolExecutor.runWorker(Unknown Source)
at java.util.concurrent.ThreadPoolExecutor$Worker.run(Unknown Source)
at java.lang.Thread.run(Unknown Source)
... Removed 16 stack frames]]>
    </failure>
  </testcase> <!-- testEquality -->
  <testcase name="openBrowser" time="39.282" classname="testNG.TestDependencyUsingFacebook"/>
  <testcase name="loginToFacebook" time="11.535" classname="testNG.TestDependencyUsingFacebook"/>
</testsuite> <!-- Test Dependency -->
